#
# A fatal error has been detected by the Java Runtime Environment:
#
#  EXCEPTION_ACCESS_VIOLATION (0xc0000005) at pc=0x000000006fac8d85, pid=9668, tid=10932
#
# JRE version: Java(TM) SE Runtime Environment (8.0_77-b03) (build 1.8.0_77-b03)
# Java VM: Java HotSpot(TM) 64-Bit Server VM (25.77-b03 mixed mode windows-amd64 compressed oops)
# Problematic frame:
# V  [jvm.dll+0x128d85]
#
# Failed to write core dump. Minidumps are not enabled by default on client versions of Windows
#
# If you would like to submit a bug report, please visit:
#   http://bugreport.java.com/bugreport/crash.jsp
#

---------------  T H R E A D  ---------------

Current thread (0x000000001d2cf000):  JavaThread "JDWP Transport Listener: dt_socket" daemon [_thread_in_vm, id=10932, stack(0x000000001ec50000,0x000000001ed50000)]

siginfo: ExceptionCode=0xc0000005, reading address 0x0000000000003b65

Registers:
RAX=0x000000001ed4f401, RBX=0x000000001d2cf000, RCX=0x0000000000003b65, RDX=0x0000000000000000
RSP=0x000000001ed4f3c0, RBP=0x0000000000003b65, RSI=0x000000001ed4f4d8, RDI=0x0000000001d69040
R8 =0x000000001d2cf000, R9 =0x000000000000ff00, R10=0x0000000000000000, R11=0x000005f803ec0006
R12=0x0000000000000000, R13=0x000000001d2d5288, R14=0x0000000000000000, R15=0x0000000000000000
RIP=0x000000006fac8d85, EFLAGS=0x0000000000010206

Top of Stack: (sp=0x000000001ed4f3c0)
0x000000001ed4f3c0:   000000001d2cf000 000000001d2cf000
0x000000001ed4f3d0:   000000001ed4f488 000000006fcce33b
0x000000001ed4f3e0:   000000001d2cf000 000000006fceab9d
0x000000001ed4f3f0:   0000000000000000 0000000062239155
0x000000001ed4f400:   00000000206bd158 000000006224291e
0x000000001ed4f410:   000000001d2cf000 0000000000000000
0x000000001ed4f420:   0000000000000000 0000000000000000
0x000000001ed4f430:   0000000000003b65 0000000062241a15
0x000000001ed4f440:   000000001ed4f4d8 000000001ed4f4b0
0x000000001ed4f450:   0000000000000001 00000000206bd158
0x000000001ed4f460:   0000000000003b65 00000000622253b3
0x000000001ed4f470:   000000001ed4f5a0 0000000000000001
0x000000001ed4f480:   0000000000000001 00000000206bd158
0x000000001ed4f490:   00000000f000100a 0000000000000000
0x000000001ed4f4a0:   0000000000000000 0000000000000000
0x000000001ed4f4b0:   0000000000000001 0000000062225571 

Instructions: (pc=0x000000006fac8d85)
0x000000006fac8d65:   cc cc cc cc cc cc cc cc cc cc cc 48 83 ec 28 48
0x000000006fac8d75:   85 c9 75 07 33 c0 48 83 c4 28 c3 48 89 5c 24 20
0x000000006fac8d85:   48 8b 19 48 85 db 74 20 48 83 fb 37 74 1a 48 8b
0x000000006fac8d95:   13 48 8b cb ff 52 10 84 c0 74 0d 48 8b c3 48 8b 


Register to memory mapping:

RAX=0x000000001ed4f401 is pointing into the stack for thread: 0x000000001d2cf000
RBX=0x000000001d2cf000 is a thread
RCX=0x0000000000003b65 is an unknown value
RDX=0x0000000000000000 is an unknown value
RSP=0x000000001ed4f3c0 is pointing into the stack for thread: 0x000000001d2cf000
RBP=0x0000000000003b65 is an unknown value
RSI=0x000000001ed4f4d8 is pointing into the stack for thread: 0x000000001d2cf000
RDI=0x0000000001d69040 is an unknown value
R8 =0x000000001d2cf000 is a thread
R9 =0x000000000000ff00 is an unknown value
R10=0x0000000000000000 is an unknown value
R11=0x000005f803ec0006 is an unknown value
R12=0x0000000000000000 is an unknown value
R13=0x000000001d2d5288 is an unknown value
R14=0x0000000000000000 is an unknown value
R15=0x0000000000000000 is an unknown value


Stack: [0x000000001ec50000,0x000000001ed50000],  sp=0x000000001ed4f3c0,  free space=1020k
Native frames: (J=compiled Java code, j=interpreted, Vv=VM code, C=native code)
V  [jvm.dll+0x128d85]
V  [jvm.dll+0x34ab9d]
C  [jdwp.dll+0x21a15]
C  [jdwp.dll+0x53b3]
C  [jdwp.dll+0x5571]
C  [jdwp.dll+0xf0a8]
C  [jdwp.dll+0x1f2d5]
C  [jdwp.dll+0x1f4aa]
V  [jvm.dll+0x1bba58]
V  [jvm.dll+0x243434]
V  [jvm.dll+0x29a27a]
C  [msvcr100.dll+0x21d9f]
C  [msvcr100.dll+0x21e3b]
C  [kernel32.dll+0x159cd]
C  [ntdll.dll+0x2a561]


---------------  P R O C E S S  ---------------

Java Threads: ( => current thread )
  0x0000000021340800 JavaThread "Exec Stream Pumper" daemon [_thread_in_native, id=7416, stack(0x0000000022f20000,0x0000000023020000)]
  0x0000000020e04800 JavaThread "Exec Stream Pumper" daemon [_thread_in_native, id=9760, stack(0x0000000022d10000,0x0000000022e10000)]
  0x0000000020e09800 JavaThread "Exec Default Executor" daemon [_thread_in_native, id=9884, stack(0x0000000022a70000,0x0000000022b70000)]
  0x000000001fe65000 JavaThread "ReaderThread" [_thread_in_native, id=10200, stack(0x000000001f490000,0x000000001f590000)]
  0x000000001d389800 JavaThread "Service Thread" daemon [_thread_blocked, id=7964, stack(0x000000001f900000,0x000000001fa00000)]
  0x000000001d326000 JavaThread "C1 CompilerThread3" daemon [_thread_blocked, id=10548, stack(0x000000001fa00000,0x000000001fb00000)]
  0x000000001d305000 JavaThread "C2 CompilerThread2" daemon [_thread_blocked, id=8332, stack(0x000000001eed0000,0x000000001efd0000)]
  0x000000001d302000 JavaThread "C2 CompilerThread1" daemon [_thread_blocked, id=6836, stack(0x000000001f760000,0x000000001f860000)]
  0x000000001d2ef800 JavaThread "C2 CompilerThread0" daemon [_thread_blocked, id=10712, stack(0x000000001f5d0000,0x000000001f6d0000)]
  0x000000001d2e2800 JavaThread "JDWP Command Reader" daemon [_thread_in_native, id=8724, stack(0x000000001f390000,0x000000001f490000)]
  0x000000001d2df800 JavaThread "JDWP Event Helper Thread" daemon [_thread_blocked, id=9540, stack(0x000000001f0c0000,0x000000001f1c0000)]
=>0x000000001d2cf000 JavaThread "JDWP Transport Listener: dt_socket" daemon [_thread_in_vm, id=10932, stack(0x000000001ec50000,0x000000001ed50000)]
  0x000000001d2c5000 JavaThread "Attach Listener" daemon [_thread_blocked, id=8188, stack(0x000000001e880000,0x000000001e980000)]
  0x000000001d2c4000 JavaThread "Signal Dispatcher" daemon [_thread_blocked, id=10688, stack(0x000000001e6f0000,0x000000001e7f0000)]
  0x000000001c211800 JavaThread "Finalizer" daemon [_thread_blocked, id=10832, stack(0x000000001e5a0000,0x000000001e6a0000)]
  0x000000001c20a800 JavaThread "Reference Handler" daemon [_thread_blocked, id=1260, stack(0x000000001e450000,0x000000001e550000)]
  0x000000000209b000 JavaThread "main" [_thread_blocked, id=11156, stack(0x0000000002180000,0x0000000002280000)]

Other Threads:
  0x000000001d272000 VMThread [stack: 0x000000001e250000,0x000000001e350000] [id=1052]
  0x000000001d3a4000 WatcherThread [stack: 0x000000001fc20000,0x000000001fd20000] [id=7184]

VM state:not at safepoint (normal execution)

VM Mutex/Monitor currently owned by a thread: None

Heap:
 PSYoungGen      total 75264K, used 43353K [0x000000076c700000, 0x0000000771b00000, 0x00000007c0000000)
  eden space 64512K, 52% used [0x000000076c700000,0x000000076e7c2cb0,0x0000000770600000)
  from space 10752K, 91% used [0x0000000770600000,0x0000000770f937e8,0x0000000771080000)
  to   space 10752K, 0% used [0x0000000771080000,0x0000000771080000,0x0000000771b00000)
 ParOldGen       total 172032K, used 16K [0x00000006c5400000, 0x00000006cfc00000, 0x000000076c700000)
  object space 172032K, 0% used [0x00000006c5400000,0x00000006c5404000,0x00000006cfc00000)
 Metaspace       used 17113K, capacity 17440K, committed 17664K, reserved 1064960K
  class space    used 2385K, capacity 2497K, committed 2560K, reserved 1048576K

Card table byte_map: [0x0000000011910000,0x00000000120f0000] byte_map_base: 0x000000000e2e6000

Marking Bits: (ParMarkBitMap*) 0x00000000701b0600
 Begin Bits: [0x00000000132e0000, 0x0000000017190000)
 End Bits:   [0x0000000017190000, 0x000000001b040000)

Polling page: 0x0000000000140000

CodeCache: size=245760Kb used=5872Kb max_used=5894Kb free=239887Kb
 bounds [0x0000000002550000, 0x0000000002b20000, 0x0000000011550000]
 total_blobs=2123 nmethods=1751 adapters=292
 compilation: enabled

Compilation events (10 events):
Event: 85.566 Thread 0x000000001d326000 nmethod 1760 0x0000000002b08dd0 code [0x0000000002b08f20, 0x0000000002b09090]
Event: 85.566 Thread 0x000000001d2ef800 1761       4       com.google.common.base.CharMatcher$And::matches (28 bytes)
Event: 85.566 Thread 0x000000001d326000 1762       3       com.google.common.collect.AbstractMultimap::<init> (5 bytes)
Event: 85.566 Thread 0x000000001d326000 nmethod 1762 0x0000000002b08a10 code [0x0000000002b08b60, 0x0000000002b08d10]
Event: 85.566 Thread 0x000000001d302000 1763       4       java.util.Formatter$Conversion::isGeneral (64 bytes)
Event: 85.567 Thread 0x000000001d302000 nmethod 1763 0x0000000002b0aa50 code [0x0000000002b0ad80, 0x0000000002b0adf8]
Event: 85.567 Thread 0x000000001d326000 1764       3       java.lang.ReflectiveOperationException::<init> (6 bytes)
Event: 85.567 Thread 0x000000001d326000 nmethod 1764 0x0000000002b085d0 code [0x0000000002b08740, 0x0000000002b08948]
Event: 85.568 Thread 0x000000001d2ef800 nmethod 1761 0x0000000002b07f10 code [0x0000000002b08080, 0x0000000002b08308]
Event: 85.601 Thread 0x000000001d305000 nmethod 1746 0x0000000002b11f10 code [0x0000000002b12160, 0x0000000002b14c08]

GC Heap History (2 events):
Event: 2.114 GC heap before
{Heap before GC invocations=1 (full 0):
 PSYoungGen      total 75264K, used 64512K [0x000000076c700000, 0x0000000771b00000, 0x00000007c0000000)
  eden space 64512K, 100% used [0x000000076c700000,0x0000000770600000,0x0000000770600000)
  from space 10752K, 0% used [0x0000000771080000,0x0000000771080000,0x0000000771b00000)
  to   space 10752K, 0% used [0x0000000770600000,0x0000000770600000,0x0000000771080000)
 ParOldGen       total 172032K, used 0K [0x00000006c5400000, 0x00000006cfc00000, 0x000000076c700000)
  object space 172032K, 0% used [0x00000006c5400000,0x00000006c5400000,0x00000006cfc00000)
 Metaspace       used 13986K, capacity 14200K, committed 14336K, reserved 1060864K
  class space    used 1933K, capacity 2023K, committed 2048K, reserved 1048576K
Event: 2.123 GC heap after
Heap after GC invocations=1 (full 0):
 PSYoungGen      total 75264K, used 9805K [0x000000076c700000, 0x0000000771b00000, 0x00000007c0000000)
  eden space 64512K, 0% used [0x000000076c700000,0x000000076c700000,0x0000000770600000)
  from space 10752K, 91% used [0x0000000770600000,0x0000000770f937e8,0x0000000771080000)
  to   space 10752K, 0% used [0x0000000771080000,0x0000000771080000,0x0000000771b00000)
 ParOldGen       total 172032K, used 16K [0x00000006c5400000, 0x00000006cfc00000, 0x000000076c700000)
  object space 172032K, 0% used [0x00000006c5400000,0x00000006c5404000,0x00000006cfc00000)
 Metaspace       used 13986K, capacity 14200K, committed 14336K, reserved 1060864K
  class space    used 1933K, capacity 2023K, committed 2048K, reserved 1048576K
}

Deoptimization events (10 events):
Event: 10.905 Thread 0x000000000209b000 Uncommon trap: reason=unhandled action=none pc=0x0000000002a301e0 method=java.net.URLClassLoader.findClass(Ljava/lang/String;)Ljava/lang/Class; @ 44
Event: 10.905 Thread 0x000000000209b000 Uncommon trap: reason=unhandled action=none pc=0x0000000002a301e0 method=java.net.URLClassLoader.findClass(Ljava/lang/String;)Ljava/lang/Class; @ 44
Event: 10.906 Thread 0x000000000209b000 Uncommon trap: reason=unhandled action=none pc=0x0000000002a301e0 method=java.net.URLClassLoader.findClass(Ljava/lang/String;)Ljava/lang/Class; @ 44
Event: 10.906 Thread 0x000000000209b000 Uncommon trap: reason=unhandled action=none pc=0x0000000002a301e0 method=java.net.URLClassLoader.findClass(Ljava/lang/String;)Ljava/lang/Class; @ 44
Event: 10.906 Thread 0x000000000209b000 Uncommon trap: reason=unhandled action=none pc=0x0000000002a301e0 method=java.net.URLClassLoader.findClass(Ljava/lang/String;)Ljava/lang/Class; @ 44
Event: 10.906 Thread 0x000000000209b000 Uncommon trap: reason=unhandled action=none pc=0x0000000002a301e0 method=java.net.URLClassLoader.findClass(Ljava/lang/String;)Ljava/lang/Class; @ 44
Event: 10.907 Thread 0x000000000209b000 Uncommon trap: reason=unhandled action=none pc=0x0000000002a301e0 method=java.net.URLClassLoader.findClass(Ljava/lang/String;)Ljava/lang/Class; @ 44
Event: 10.908 Thread 0x000000000209b000 Uncommon trap: reason=unhandled action=none pc=0x0000000002a301e0 method=java.net.URLClassLoader.findClass(Ljava/lang/String;)Ljava/lang/Class; @ 44
Event: 10.908 Thread 0x000000000209b000 Uncommon trap: reason=unhandled action=none pc=0x0000000002a301e0 method=java.net.URLClassLoader.findClass(Ljava/lang/String;)Ljava/lang/Class; @ 44
Event: 10.908 Thread 0x000000000209b000 Uncommon trap: reason=unhandled action=none pc=0x0000000002a301e0 method=java.net.URLClassLoader.findClass(Ljava/lang/String;)Ljava/lang/Class; @ 44

Internal exceptions (10 events):
Event: 0.979 Thread 0x000000000209b000 Exception <a 'java/lang/NoSuchFieldError': method resolution failed> (0x000000076eeece38) thrown at [D:\re\workspace\8-2-build-windows-amd64-cygwin\jdk8u77\6540\hotspot\src\share\vm\prims\methodHandles.cpp, line 1146]
Event: 1.020 Thread 0x000000000209b000 Exception <a 'java/lang/IncompatibleClassChangeError': Found class java.lang.Object, but interface was expected> (0x000000076f0f1978) thrown at [D:\re\workspace\8-2-build-windows-amd64-cygwin\jdk8u77\6540\hotspot\src\share\vm\interpreter\linkResolver.cpp, ªº.pö!ñ?
Event: 1.071 Thread 0x000000000209b000 Exception <a 'java/lang/NoClassDefFoundError': org/apache/log4j/Priority> (0x000000076f37ef38) thrown at [D:\re\workspace\8-2-build-windows-amd64-cygwin\jdk8u77\6540\hotspot\src\share\vm\classfile\systemDictionary.cpp, line 199]
Event: 2.560 Thread 0x000000000209b000 Exception <a 'java/lang/ArrayIndexOutOfBoundsException': 56> (0x000000076ca56078) thrown at [D:\re\workspace\8-2-build-windows-amd64-cygwin\jdk8u77\6540\hotspot\src\share\vm\interpreter\interpreterRuntime.cpp, line 366]
Event: 2.561 Thread 0x000000000209b000 Exception <a 'java/lang/ArrayIndexOutOfBoundsException': 40> (0x000000076ca571b8) thrown at [D:\re\workspace\8-2-build-windows-amd64-cygwin\jdk8u77\6540\hotspot\src\share\vm\interpreter\interpreterRuntime.cpp, line 366]
Event: 2.573 Thread 0x000000000209b000 Exception <a 'java/lang/IncompatibleClassChangeError': Found class java.lang.Object, but interface was expected> (0x000000076ca8bfa8) thrown at [D:\re\workspace\8-2-build-windows-amd64-cygwin\jdk8u77\6540\hotspot\src\share\vm\interpreter\linkResolver.cpp, Îh'× @
Event: 2.579 Thread 0x000000000209b000 Exception <a 'java/lang/NoSuchMethodError': java.lang.Object.lambda$or$2(Ljava/util/function/Predicate;Ljava/lang/Object;)Z> (0x000000076ca99d50) thrown at [D:\re\workspace\8-2-build-windows-amd64-cygwin\jdk8u77\6540\hotspot\src\share\vm\interpreter\linkRe„{âúZÉ@
Event: 2.598 Thread 0x000000000209b000 Exception <a 'java/lang/ArrayIndexOutOfBoundsException': 55> (0x000000076cb69ba0) thrown at [D:\re\workspace\8-2-build-windows-amd64-cygwin\jdk8u77\6540\hotspot\src\share\vm\interpreter\interpreterRuntime.cpp, line 366]
Event: 2.631 Thread 0x000000000209b000 Exception <a 'java/lang/ArrayIndexOutOfBoundsException': 90> (0x000000076cde1ef8) thrown at [D:\re\workspace\8-2-build-windows-amd64-cygwin\jdk8u77\6540\hotspot\src\share\vm\interpreter\interpreterRuntime.cpp, line 366]
Event: 2.631 Thread 0x000000000209b000 Exception <a 'java/lang/ArrayIndexOutOfBoundsException': 105> (0x000000076cde3a50) thrown at [D:\re\workspace\8-2-build-windows-amd64-cygwin\jdk8u77\6540\hotspot\src\share\vm\interpreter\interpreterRuntime.cpp, line 366]

Events (10 events):
Event: 247.217 Executing VM operation: GetCurrentLocation
Event: 247.217 Executing VM operation: GetCurrentLocation done
Event: 247.217 Executing VM operation: EnterInterpOnlyMode
Event: 247.217 Executing VM operation: EnterInterpOnlyMode done
Event: 247.217 Executing VM operation: ChangeSingleStep
Event: 247.217 Executing VM operation: ChangeSingleStep done
Event: 247.217 Executing VM operation: ChangeSingleStep
Event: 247.217 Executing VM operation: ChangeSingleStep done
Event: 247.224 Executing VM operation: RedefineClasses
Event: 247.231 Executing VM operation: RedefineClasses done


Dynamic libraries:
0x000000013fe70000 - 0x000000013fea7000 	C:\Program Files\Java\jre1.8.0_77\bin\javaw.exe
0x0000000077050000 - 0x00000000771fa000 	C:\WINDOWS\SYSTEM32\ntdll.dll
0x0000000076f30000 - 0x000000007704f000 	C:\WINDOWS\system32\kernel32.dll
0x000007fefd090000 - 0x000007fefd0fa000 	C:\WINDOWS\system32\KERNELBASE.dll
0x000007fefea70000 - 0x000007fefeb4b000 	C:\WINDOWS\system32\ADVAPI32.dll
0x000007feff2c0000 - 0x000007feff35f000 	C:\WINDOWS\system32\msvcrt.dll
0x000007fefea20000 - 0x000007fefea3f000 	C:\WINDOWS\SYSTEM32\sechost.dll
0x000007fefe4e0000 - 0x000007fefe60d000 	C:\WINDOWS\system32\RPCRT4.dll
0x0000000076e30000 - 0x0000000076f2a000 	C:\WINDOWS\system32\USER32.dll
0x000007fefe140000 - 0x000007fefe1a7000 	C:\WINDOWS\system32\GDI32.dll
0x000007fefe610000 - 0x000007fefe61e000 	C:\WINDOWS\system32\LPK.dll
0x000007fefe750000 - 0x000007fefe81b000 	C:\WINDOWS\system32\USP10.dll
0x000007fefb190000 - 0x000007fefb384000 	C:\WINDOWS\WinSxS\amd64_microsoft.windows.common-controls_6595b64144ccf1df_6.0.7601.18837_none_fa3b1e3d17594757\COMCTL32.dll
0x000007fefef70000 - 0x000007fefefe1000 	C:\WINDOWS\system32\SHLWAPI.dll
0x000007fefea40000 - 0x000007fefea6e000 	C:\WINDOWS\system32\IMM32.DLL
0x000007fefebf0000 - 0x000007fefecf9000 	C:\WINDOWS\system32\MSCTF.dll
0x000007fef2100000 - 0x000007fef21a7000 	C:\Program Files\McAfee\Host Intrusion Prevention\HcApi.dll
0x0000000071b40000 - 0x0000000071b4c000 	C:\Program Files\McAfee\Host Intrusion Prevention\HcThe.dll
0x0000000062290000 - 0x0000000062362000 	C:\Program Files\Java\jre1.8.0_77\bin\msvcr100.dll
0x000000006f9a0000 - 0x0000000070230000 	C:\Program Files\Java\jre1.8.0_77\bin\server\jvm.dll
0x000007fef5500000 - 0x000007fef5509000 	C:\WINDOWS\system32\WSOCK32.dll
0x000007fefe620000 - 0x000007fefe66d000 	C:\WINDOWS\system32\WS2_32.dll
0x000007fefd1a0000 - 0x000007fefd1a8000 	C:\WINDOWS\system32\NSI.dll
0x000007fef9850000 - 0x000007fef988b000 	C:\WINDOWS\system32\WINMM.dll
0x000007fefc500000 - 0x000007fefc50c000 	C:\WINDOWS\system32\VERSION.dll
0x0000000077210000 - 0x0000000077217000 	C:\WINDOWS\system32\PSAPI.DLL
0x000000006b360000 - 0x000000006b36f000 	C:\Program Files\Java\jre1.8.0_77\bin\verify.dll
0x0000000062260000 - 0x0000000062289000 	C:\Program Files\Java\jre1.8.0_77\bin\java.dll
0x0000000062220000 - 0x0000000062255000 	C:\Program Files\Java\jre1.8.0_77\bin\jdwp.dll
0x000000006b350000 - 0x000000006b358000 	C:\Program Files\Java\jre1.8.0_77\bin\npt.dll
0x00000000608c0000 - 0x00000000608d6000 	C:\Program Files\Java\jre1.8.0_77\bin\zip.dll
0x000007fefd3b0000 - 0x000007fefe13b000 	C:\WINDOWS\system32\SHELL32.dll
0x000007fefd1b0000 - 0x000007fefd3ac000 	C:\WINDOWS\system32\ole32.dll
0x000007fefcd40000 - 0x000007fefcd4f000 	C:\WINDOWS\system32\profapi.dll
0x000000006b340000 - 0x000000006b349000 	C:\Program Files\Java\jre1.8.0_77\bin\dt_socket.dll
0x000007fefa360000 - 0x000007fefa375000 	C:\WINDOWS\system32\NLAapi.dll
0x000007fef8340000 - 0x000007fef8355000 	C:\WINDOWS\system32\napinsp.dll
0x000007fef8360000 - 0x000007fef8379000 	C:\WINDOWS\system32\pnrpnsp.dll
0x000007fefc480000 - 0x000007fefc4d5000 	C:\WINDOWS\System32\mswsock.dll
0x000007fefc310000 - 0x000007fefc36b000 	C:\WINDOWS\system32\DNSAPI.dll
0x000007fef8330000 - 0x000007fef833b000 	C:\WINDOWS\System32\winrnr.dll
0x000007fef8320000 - 0x000007fef8330000 	C:\WINDOWS\system32\wshbth.dll
0x000007fef8a70000 - 0x000007fef8a91000 	C:\WINDOWS\FireEye\NamespaceToEvents_00.dll
0x000007fef98e0000 - 0x000007fef9907000 	C:\WINDOWS\system32\IPHLPAPI.DLL
0x000007fef98d0000 - 0x000007fef98db000 	C:\WINDOWS\system32\WINNSI.DLL
0x000007fef95a0000 - 0x000007fef95f3000 	C:\WINDOWS\System32\fwpuclnt.dll
0x000007fef8a60000 - 0x000007fef8a68000 	C:\WINDOWS\system32\rasadhlp.dll
0x000007fefbdc0000 - 0x000007fefbdc7000 	C:\WINDOWS\System32\wshtcpip.dll
0x0000000051650000 - 0x000000005166a000 	C:\Program Files\Java\jre1.8.0_77\bin\net.dll
0x000007fefc540000 - 0x000007fefc547000 	C:\WINDOWS\System32\wship6.dll
0x0000000051620000 - 0x0000000051644000 	C:\Program Files\Java\jre1.8.0_77\bin\sunec.dll
0x000007fefc4e0000 - 0x000007fefc4f8000 	C:\WINDOWS\system32\CRYPTSP.dll
0x000007fefc220000 - 0x000007fefc267000 	C:\WINDOWS\system32\rsaenh.dll
0x000007fefd070000 - 0x000007fefd08e000 	C:\WINDOWS\system32\USERENV.dll
0x000007fefcba0000 - 0x000007fefcbaf000 	C:\WINDOWS\system32\CRYPTBASE.dll
0x000007fef9650000 - 0x000007fef9661000 	C:\WINDOWS\system32\dhcpcsvc6.DLL
0x000007fef9630000 - 0x000007fef9648000 	C:\WINDOWS\system32\dhcpcsvc.DLL
0x0000000077610000 - 0x0000000077621000 	C:\Program Files\Java\jre1.8.0_77\bin\nio.dll
0x000007fefcb40000 - 0x000007fefcb97000 	C:\WINDOWS\system32\apphelp.dll
0x000007fefa030000 - 0x000007fefa155000 	C:\WINDOWS\system32\dbghelp.dll

VM Arguments:
jvm_args: -agentlib:jdwp=transport=dt_socket,suspend=y,address=localhost:57320 -Dfile.encoding=Cp1252 
java_command: org.eclipse.jdt.internal.junit.runner.RemoteTestRunner -version 3 -port 57317 -testLoaderClass org.eclipse.jdt.internal.junit4.runner.JUnit4TestLoader -loaderpluginname org.eclipse.jdt.junit4.runtime -classNames options.TestRunner
java_class_path (initial): C:\Users\daniel.mostovyak\workspace\BRP_Demo_01J7Po\target\test-classes;C:\Users\daniel.mostovyak\workspace\BRP_Demo_01J7Po\target\classes;C:\Program Files\Java\cucumber-jars\cobertura-2.1.1.jar;C:\Program Files\Java\cucumber-jars\cucumber-core-1.2.4.jar;C:\Program Files\Java\cucumber-jars\cucumber-html-0.2.3.jar;C:\Program Files\Java\cucumber-jars\cucumber-java-1.2.4.jar;C:\Program Files\Java\cucumber-jars\cucumber-junit-1.2.4.jar;C:\Program Files\Java\cucumber-jars\cucumber-jvm-deps-1.0.5.jar;C:\Program Files\Java\cucumber-jars\cucumber-reporting-0.1.8.jar;C:\Program Files\Java\cucumber-jars\gherkin-2.12.2.jar;C:\Program Files\Java\cucumber-jars\hamcrest-core-1.3.jar;C:\Program Files\Java\cucumber-jars\junit-4.12.jar;C:\Program Files\Java\cucumber-jars\mockito-all-2.0.2-beta.jar;C:\Program Files\Java\cucumber-jars\cucumber-testresult-plugin-0.10-SNAPSHOT.jar;C:\Program Files\Java\selenium-java-3.4.0\client-combined-3.4.0-nodeps.jar;C:\Users\daniel.mostovyak\.m2\repository\org\seleniumhq\selenium\selenium-java\3.4.0\selenium-java-3.4.0.jar;C:\Users\daniel.mostovyak\.m2\repository\org\seleniumhq\selenium\selenium-api\3.4.0\selenium-api-3.4.0.jar;C:\Users\daniel.mostovyak\.m2\repository\org\seleniumhq\selenium\selenium-chrome-driver\3.4.0\selenium-chrome-driver-3.4.0.jar;C:\Users\daniel.mostovyak\.m2\repository\org\seleniumhq\selenium\selenium-edge-driver\3.4.0\selenium-edge-driver-3.4.0.jar;C:\Users\daniel.mostovyak\.m2\repository\org\seleniumhq\selenium\selenium-firefox-driver\3.4.0\selenium-firefox-driver-3.4.0.jar;C:\Users\daniel.mostovyak\.m2\repository\org\seleniumhq\selenium\selenium-ie-driver\3.4.0\selenium-ie-driver-3.4.0.jar;C:\Users\daniel.mostovyak\.m2\repository\org\seleniumhq\selenium\selenium-opera-driver\3.4.0\selenium-opera-driver-3.4.0.jar;C:\Users\daniel.mostovyak\.m2\repository\org\seleniumhq\selenium\selenium-remote-driver\3.4.0\selenium-remote-driver-3.4.0.jar;C:\Users\daniel.mostovyak\.m2\repository\org\seleniumhq\s
Launcher Type: SUN_STANDARD

Environment Variables:
JAVA_HOME=C:\Program Files\Java\jdk1.8.0_101
JRE_HOME=C:\Program Files\Java\jre1.8.0_77
PATH=C:/Program Files/Java/jre1.8.0_101/bin/server;C:/Program Files/Java/jre1.8.0_101/bin;C:/Program Files/Java/jre1.8.0_101/lib/amd64;C:\ProgramData\Oracle\Java\javapath;C:\WINDOWS\system32;C:\WINDOWS;C:\WINDOWS\System32\Wbem;C:\WINDOWS\System32\WindowsPowerShell\v1.0\;C:\Program Files\Java\jdk1.8.0_101\bin;C:\Program Files\Apache Software Foundation\apache-maven-3.3.9\bin;C:\Program Files\Apache Software Foundation\apache-maven-3.3.9\bin;C:\Program Files\Java\jdk1.8.0_101;C:\Program Files (x86)\Skype\Phone\; C:\Ruby23-x64\bin\; C:\Ruby23-x64\gecko\; C:\Ruby23-x64\drivers\;C:\Program Files\Git\cmd;C:\Program Files (x86)\Astaro\Astaro SSL VPN Client\bin;C:\Users\daniel.mostovyak\AppData\Local\atom\bin;C:\Installers\QA Java\eclipse;
USERNAME=daniel.mostovyak
OS=Windows_NT
PROCESSOR_IDENTIFIER=Intel64 Family 6 Model 94 Stepping 3, GenuineIntel



---------------  S Y S T E M  ---------------

OS: Windows 7 , 64 bit Build 7601 (6.1.7601.23807)

CPU:total 8 (4 cores per cpu, 2 threads per core) family 6 model 94 stepping 3, cmov, cx8, fxsr, mmx, sse, sse2, sse3, ssse3, sse4.1, sse4.2, popcnt, avx, avx2, aes, clmul, erms, rtm, 3dnowpref, lzcnt, ht, tsc, tscinvbit, bmi1, bmi2, adx

Memory: 4k page, physical 16431580k(8356360k free), swap 32861300k(23965592k free)

vm_info: Java HotSpot(TM) 64-Bit Server VM (25.77-b03) for windows-amd64 JRE (1.8.0_77-b03), built on Mar 20 2016 22:01:33 by "java_re" with MS VC++ 10.0 (VS2010)

time: Mon Jul 24 10:43:52 2017
elapsed time: 247 seconds (0d 0h 4m 7s)

